[2017-03-15 13:55:48] [info]  [ 8960] Commons Daemon procrun (1.0.15.0 64-bit) started
[2017-03-15 13:55:48] [info]  [ 8960] Service Tomcat8 name Apache Tomcat 8.5 Tomcat8
[2017-03-15 13:55:48] [error] [ 8960] 지정된 서비스가 이미 있습니다.
[2017-03-15 13:55:48] [error] [ 8960] Failed installing 'Tomcat8' service
[2017-03-15 13:55:48] [error] [ 8960] 지정된 서비스가 이미 있습니다.
[2017-03-15 13:55:48] [error] [ 8960] Commons Daemon procrun failed with exit value: 8 (Failed to install service)
[2017-03-15 13:55:48] [error] [ 8960] 지정된 서비스가 이미 있습니다.
[2017-03-15 13:56:02] [info]  [ 6524] Commons Daemon procrun (1.0.15.0 64-bit) started
[2017-03-15 13:56:02] [info]  [ 6524] Service Tomcat8 name Apache Tomcat 8.5 Tomcat8
[2017-03-15 13:56:02] [error] [ 6524] 지정된 서비스가 이미 있습니다.
[2017-03-15 13:56:02] [error] [ 6524] Failed installing 'Tomcat8' service
[2017-03-15 13:56:02] [error] [ 6524] 지정된 서비스가 이미 있습니다.
[2017-03-15 13:56:02] [error] [ 6524] Commons Daemon procrun failed with exit value: 8 (Failed to install service)
[2017-03-15 13:56:02] [error] [ 6524] 지정된 서비스가 이미 있습니다.
[2017-03-15 13:57:26] [info]  [15424] Commons Daemon procrun (1.0.15.0 64-bit) started
[2017-03-15 13:57:26] [info]  [15424] Service Tomcat8 name Apache Tomcat 8.5 Tomcat8
[2017-03-15 13:57:26] [error] [15424] 지정된 서비스가 이미 있습니다.
[2017-03-15 13:57:26] [error] [15424] Failed installing 'Tomcat8' service
[2017-03-15 13:57:26] [error] [15424] 지정된 서비스가 이미 있습니다.
[2017-03-15 13:57:26] [error] [15424] Commons Daemon procrun failed with exit value: 8 (Failed to install service)
[2017-03-15 13:57:26] [error] [15424] 지정된 서비스가 이미 있습니다.
